<?xml version="1.0" encoding="UTF-8"?>
<robot generator="Robot 6.1.1 (Python 3.11.5 on win32)" generated="20240111 18:27:16.589" rpa="false" schemaversion="4">
<suite id="s1" name="TestDemo3 dataDriven" source="C:\Users\1030968\PycharmProjects\RobotFramework\Tests\TestDemo3_dataDriven.robot">
<test id="s1-t1" name="Validate unsuccesful login" line="34">
<kw name="Launch Website" library="Generic" type="SETUP">
<kw name="Create Webdriver" library="SeleniumLibrary">
<arg>${browser}</arg>
<arg>../resources/${browser}</arg>
<doc>Creates an instance of Selenium WebDriver.</doc>
<msg timestamp="20240111 18:27:17.123" level="INFO">Creating an instance of the Edge WebDriver.</msg>
<status status="PASS" starttime="20240111 18:27:17.123" endtime="20240111 18:27:25.965"/>
</kw>
<kw name="Go To" library="SeleniumLibrary">
<arg>${URL}</arg>
<doc>Navigates the current browser window to the provided ``url``.</doc>
<msg timestamp="20240111 18:27:25.965" level="INFO">Opening url 'https://rahulshettyacademy.com/loginpagePractise/'</msg>
<status status="PASS" starttime="20240111 18:27:25.965" endtime="20240111 18:27:27.385"/>
</kw>
<kw name="Maximize Browser Window" library="SeleniumLibrary">
<doc>Maximizes current browser window.</doc>
<status status="PASS" starttime="20240111 18:27:27.385" endtime="20240111 18:27:27.827"/>
</kw>
<status status="PASS" starttime="20240111 18:27:17.123" endtime="20240111 18:27:27.827"/>
</kw>
<kw name="Fill the form" library="homePage">
<arg>${username}</arg>
<arg>${Invalid_Password}</arg>
<kw name="Input Text" library="SeleniumLibrary">
<arg>id=username</arg>
<arg>${username}</arg>
<doc>Types the given ``text`` into the text field identified by ``locator``.</doc>
<msg timestamp="20240111 18:27:27.840" level="INFO">Typing text 'rahulshettyacademy' into text field 'id=username'.</msg>
<status status="PASS" starttime="20240111 18:27:27.834" endtime="20240111 18:27:28.666"/>
</kw>
<kw name="Input Password" library="SeleniumLibrary">
<arg>id=password</arg>
<arg>${Valid_Password}</arg>
<doc>Types the given password into the text field identified by ``locator``.</doc>
<msg timestamp="20240111 18:27:28.666" level="INFO">Typing password into text field 'id=password'.</msg>
<msg timestamp="20240111 18:27:28.850" level="INFO">Temporally setting log level to: NONE</msg>
<msg timestamp="20240111 18:27:29.034" level="INFO">Log level changed from NONE to INFO.</msg>
<status status="PASS" starttime="20240111 18:27:28.666" endtime="20240111 18:27:29.034"/>
</kw>
<kw name="Click Button" library="SeleniumLibrary">
<arg>id=signInBtn</arg>
<doc>Clicks the button identified by ``locator``.</doc>
<msg timestamp="20240111 18:27:29.036" level="INFO">Clicking button 'id=signInBtn'.</msg>
<status status="PASS" starttime="20240111 18:27:29.034" endtime="20240111 18:27:29.386"/>
</kw>
<status status="PASS" starttime="20240111 18:27:27.834" endtime="20240111 18:27:29.386"/>
</kw>
<kw name="verify login error message" library="homePage">
<kw name="wait till locator passed on the landing page" library="Generic">
<arg>${element}</arg>
<kw name="Wait Until Element Is Visible" library="SeleniumLibrary">
<arg>${locator}</arg>
<doc>Waits until the element ``locator`` is visible.</doc>
<status status="PASS" starttime="20240111 18:27:29.393" endtime="20240111 18:27:31.397"/>
</kw>
<status status="PASS" starttime="20240111 18:27:29.388" endtime="20240111 18:27:31.397"/>
</kw>
<kw name="Get Text" library="SeleniumLibrary">
<var>${Error_Msg}</var>
<arg>${element}</arg>
<doc>Returns the text value of the element identified by ``locator``.</doc>
<msg timestamp="20240111 18:27:31.506" level="INFO">${Error_Msg} = Incorrect username/password.</msg>
<status status="PASS" starttime="20240111 18:27:31.397" endtime="20240111 18:27:31.506"/>
</kw>
<kw name="Log" library="BuiltIn">
<arg>${Error_Msg}</arg>
<doc>Logs the given message with the given level.</doc>
<msg timestamp="20240111 18:27:31.506" level="INFO">Incorrect username/password.</msg>
<status status="PASS" starttime="20240111 18:27:31.506" endtime="20240111 18:27:31.506"/>
</kw>
<kw name="Should Be Equal As Strings" library="BuiltIn">
<arg>${Expected_Value}</arg>
<arg>${Error_Msg}</arg>
<doc>Fails if objects are unequal after converting them to strings.</doc>
<status status="PASS" starttime="20240111 18:27:31.509" endtime="20240111 18:27:31.511"/>
</kw>
<status status="PASS" starttime="20240111 18:27:29.388" endtime="20240111 18:27:31.511"/>
</kw>
<kw name="Close Browser Sessions" library="Generic" type="TEARDOWN">
<kw name="Close Browser" library="SeleniumLibrary">
<doc>Closes the current browser.</doc>
<status status="PASS" starttime="20240111 18:27:31.514" endtime="20240111 18:27:34.742"/>
</kw>
<status status="PASS" starttime="20240111 18:27:31.512" endtime="20240111 18:27:34.742"/>
</kw>
<tag>SMOKE</tag>
<status status="PASS" starttime="20240111 18:27:17.123" endtime="20240111 18:27:34.742"/>
</test>
<test id="s1-t2" name="Validate cart display on shopping page" line="39">
<kw name="Launch Website" library="Generic" type="SETUP">
<kw name="Create Webdriver" library="SeleniumLibrary">
<arg>${browser}</arg>
<arg>../resources/${browser}</arg>
<doc>Creates an instance of Selenium WebDriver.</doc>
<msg timestamp="20240111 18:27:34.749" level="INFO">Creating an instance of the Edge WebDriver.</msg>
<status status="PASS" starttime="20240111 18:27:34.747" endtime="20240111 18:27:40.160"/>
</kw>
<kw name="Go To" library="SeleniumLibrary">
<arg>${URL}</arg>
<doc>Navigates the current browser window to the provided ``url``.</doc>
<msg timestamp="20240111 18:27:40.160" level="INFO">Opening url 'https://rahulshettyacademy.com/loginpagePractise/'</msg>
<status status="PASS" starttime="20240111 18:27:40.160" endtime="20240111 18:27:41.156"/>
</kw>
<kw name="Maximize Browser Window" library="SeleniumLibrary">
<doc>Maximizes current browser window.</doc>
<status status="PASS" starttime="20240111 18:27:41.156" endtime="20240111 18:27:41.461"/>
</kw>
<status status="PASS" starttime="20240111 18:27:34.742" endtime="20240111 18:27:41.461"/>
</kw>
<kw name="Fill the form" library="homePage">
<arg>${username}</arg>
<arg>${Valid_Password}</arg>
<kw name="Input Text" library="SeleniumLibrary">
<arg>id=username</arg>
<arg>${username}</arg>
<doc>Types the given ``text`` into the text field identified by ``locator``.</doc>
<msg timestamp="20240111 18:27:41.463" level="INFO">Typing text 'rahulshettyacademy' into text field 'id=username'.</msg>
<status status="PASS" starttime="20240111 18:27:41.463" endtime="20240111 18:27:41.913"/>
</kw>
<kw name="Input Password" library="SeleniumLibrary">
<arg>id=password</arg>
<arg>${Valid_Password}</arg>
<doc>Types the given password into the text field identified by ``locator``.</doc>
<msg timestamp="20240111 18:27:41.913" level="INFO">Typing password into text field 'id=password'.</msg>
<msg timestamp="20240111 18:27:42.030" level="INFO">Temporally setting log level to: NONE</msg>
<msg timestamp="20240111 18:27:42.137" level="INFO">Log level changed from NONE to INFO.</msg>
<status status="PASS" starttime="20240111 18:27:41.913" endtime="20240111 18:27:42.137"/>
</kw>
<kw name="Click Button" library="SeleniumLibrary">
<arg>id=signInBtn</arg>
<doc>Clicks the button identified by ``locator``.</doc>
<msg timestamp="20240111 18:27:42.143" level="INFO">Clicking button 'id=signInBtn'.</msg>
<status status="PASS" starttime="20240111 18:27:42.137" endtime="20240111 18:27:42.280"/>
</kw>
<status status="PASS" starttime="20240111 18:27:41.463" endtime="20240111 18:27:42.280"/>
</kw>
<kw name="wait for checkout option loads" library="shopPage">
<kw name="wait till locator passed on the landing page" library="Generic">
<arg>${checkout}</arg>
<kw name="Wait Until Element Is Visible" library="SeleniumLibrary">
<arg>${locator}</arg>
<doc>Waits until the element ``locator`` is visible.</doc>
<status status="PASS" starttime="20240111 18:27:42.284" endtime="20240111 18:27:45.835"/>
</kw>
<status status="PASS" starttime="20240111 18:27:42.284" endtime="20240111 18:27:45.835"/>
</kw>
<status status="PASS" starttime="20240111 18:27:42.280" endtime="20240111 18:27:45.835"/>
</kw>
<kw name="verify cat tiles in the shop page" library="shopPage">
<kw name="Create List" library="BuiltIn">
<var>@{expected_cart_items}</var>
<arg>iphone X</arg>
<arg>Samsung Note 8</arg>
<arg>Nokia Edge</arg>
<arg>Blackberry</arg>
<doc>Returns a list containing given items.</doc>
<msg timestamp="20240111 18:27:45.835" level="INFO">@{expected_cart_items} = [ iphone X | Samsung Note 8 | Nokia Edge | Blackberry ]</msg>
<status status="PASS" starttime="20240111 18:27:45.835" endtime="20240111 18:27:45.835"/>
</kw>
<kw name="Get WebElements" library="SeleniumLibrary">
<var>@{elements}</var>
<arg>css:.card-title</arg>
<doc>Returns a list of WebElement objects matching the ``locator``.</doc>
<msg timestamp="20240111 18:27:45.868" level="INFO">@{elements} = [ &lt;selenium.webdriver.remote.webelement.WebElement (session="0bd23e7da0efd9eaa6bab5024ba3bf8a", element="EF6A3DEBB84A956058B74FB5F78F5EE8_element_76")&gt; | &lt;selenium.webdriver.remote.webelement.WebEleme...</msg>
<status status="PASS" starttime="20240111 18:27:45.835" endtime="20240111 18:27:45.868"/>
</kw>
<kw name="Create List" library="BuiltIn">
<var>@{actual_cart_items}</var>
<doc>Returns a list containing given items.</doc>
<msg timestamp="20240111 18:27:45.868" level="INFO">@{actual_cart_items} = [ ]</msg>
<status status="PASS" starttime="20240111 18:27:45.868" endtime="20240111 18:27:45.868"/>
</kw>
<for flavor="IN">
<var>${i}</var>
<value>@{elements}</value>
<iter>
<var name="${i}">&lt;selenium.webdriver.remote.webelement.WebElement (session="0bd23e7da0efd9eaa6bab5024ba3bf8a", element="EF6A3DEBB84A956058B74FB5F78F5EE8_element_76")&gt;</var>
<kw name="Append To List" library="Collections">
<arg>${actual_cart_items}</arg>
<arg>${i.text}</arg>
<doc>Adds ``values`` to the end of ``list``.</doc>
<status status="PASS" starttime="20240111 18:27:45.868" endtime="20240111 18:27:45.891"/>
</kw>
<status status="PASS" starttime="20240111 18:27:45.868" endtime="20240111 18:27:45.891"/>
</iter>
<iter>
<var name="${i}">&lt;selenium.webdriver.remote.webelement.WebElement (session="0bd23e7da0efd9eaa6bab5024ba3bf8a", element="EF6A3DEBB84A956058B74FB5F78F5EE8_element_77")&gt;</var>
<kw name="Append To List" library="Collections">
<arg>${actual_cart_items}</arg>
<arg>${i.text}</arg>
<doc>Adds ``values`` to the end of ``list``.</doc>
<status status="PASS" starttime="20240111 18:27:45.891" endtime="20240111 18:27:45.899"/>
</kw>
<status status="PASS" starttime="20240111 18:27:45.891" endtime="20240111 18:27:45.899"/>
</iter>
<iter>
<var name="${i}">&lt;selenium.webdriver.remote.webelement.WebElement (session="0bd23e7da0efd9eaa6bab5024ba3bf8a", element="EF6A3DEBB84A956058B74FB5F78F5EE8_element_78")&gt;</var>
<kw name="Append To List" library="Collections">
<arg>${actual_cart_items}</arg>
<arg>${i.text}</arg>
<doc>Adds ``values`` to the end of ``list``.</doc>
<status status="PASS" starttime="20240111 18:27:45.899" endtime="20240111 18:27:45.914"/>
</kw>
<status status="PASS" starttime="20240111 18:27:45.899" endtime="20240111 18:27:45.914"/>
</iter>
<iter>
<var name="${i}">&lt;selenium.webdriver.remote.webelement.WebElement (session="0bd23e7da0efd9eaa6bab5024ba3bf8a", element="EF6A3DEBB84A956058B74FB5F78F5EE8_element_79")&gt;</var>
<kw name="Append To List" library="Collections">
<arg>${actual_cart_items}</arg>
<arg>${i.text}</arg>
<doc>Adds ``values`` to the end of ``list``.</doc>
<status status="PASS" starttime="20240111 18:27:45.914" endtime="20240111 18:27:45.946"/>
</kw>
<status status="PASS" starttime="20240111 18:27:45.914" endtime="20240111 18:27:45.946"/>
</iter>
<status status="PASS" starttime="20240111 18:27:45.868" endtime="20240111 18:27:45.946"/>
</for>
<kw name="Lists Should Be Equal" library="Collections">
<arg>${expected_cart_items}</arg>
<arg>${actual_cart_items}</arg>
<doc>Fails if given lists are unequal.</doc>
<status status="PASS" starttime="20240111 18:27:45.946" endtime="20240111 18:27:45.946"/>
</kw>
<status status="PASS" starttime="20240111 18:27:45.835" endtime="20240111 18:27:45.946"/>
</kw>
<kw name="select cart" library="shopPage">
<arg>${product_name}</arg>
<kw name="Get WebElements" library="SeleniumLibrary">
<var>@{elements}</var>
<arg>css:.card-title</arg>
<doc>Returns a list of WebElement objects matching the ``locator``.</doc>
<msg timestamp="20240111 18:27:45.963" level="INFO">@{elements} = [ &lt;selenium.webdriver.remote.webelement.WebElement (session="0bd23e7da0efd9eaa6bab5024ba3bf8a", element="EF6A3DEBB84A956058B74FB5F78F5EE8_element_76")&gt; | &lt;selenium.webdriver.remote.webelement.WebEleme...</msg>
<status status="PASS" starttime="20240111 18:27:45.946" endtime="20240111 18:27:45.963"/>
</kw>
<kw name="Set Variable" library="BuiltIn">
<var>${index}</var>
<arg>1</arg>
<doc>Returns the given values which can then be assigned to a variables.</doc>
<msg timestamp="20240111 18:27:45.963" level="INFO">${index} = 1</msg>
<status status="PASS" starttime="20240111 18:27:45.963" endtime="20240111 18:27:45.963"/>
</kw>
<for flavor="IN">
<var>${i}</var>
<value>@{elements}</value>
<iter>
<var name="${i}">&lt;selenium.webdriver.remote.webelement.WebElement (session="0bd23e7da0efd9eaa6bab5024ba3bf8a", element="EF6A3DEBB84A956058B74FB5F78F5EE8_element_76")&gt;</var>
<kw name="Exit For Loop If" library="BuiltIn">
<arg>"${i.text}"=="${cart_name}"</arg>
<doc>Stops executing the enclosing FOR loop if the ``condition`` is true.</doc>
<status status="PASS" starttime="20240111 18:27:45.963" endtime="20240111 18:27:45.997"/>
</kw>
<kw name="Evaluate" library="BuiltIn">
<var>${index}</var>
<arg>${index} + 1</arg>
<doc>Evaluates the given expression in Python and returns the result.</doc>
<msg timestamp="20240111 18:27:45.997" level="INFO">${index} = 2</msg>
<status status="PASS" starttime="20240111 18:27:45.997" endtime="20240111 18:27:45.997"/>
</kw>
<status status="PASS" starttime="20240111 18:27:45.963" endtime="20240111 18:27:45.997"/>
</iter>
<iter>
<var name="${i}">&lt;selenium.webdriver.remote.webelement.WebElement (session="0bd23e7da0efd9eaa6bab5024ba3bf8a", element="EF6A3DEBB84A956058B74FB5F78F5EE8_element_77")&gt;</var>
<kw name="Exit For Loop If" library="BuiltIn">
<arg>"${i.text}"=="${cart_name}"</arg>
<doc>Stops executing the enclosing FOR loop if the ``condition`` is true.</doc>
<status status="PASS" starttime="20240111 18:27:45.997" endtime="20240111 18:27:46.042"/>
</kw>
<kw name="Evaluate" library="BuiltIn">
<var>${index}</var>
<arg>${index} + 1</arg>
<doc>Evaluates the given expression in Python and returns the result.</doc>
<msg timestamp="20240111 18:27:46.042" level="INFO">${index} = 3</msg>
<status status="PASS" starttime="20240111 18:27:46.042" endtime="20240111 18:27:46.042"/>
</kw>
<status status="PASS" starttime="20240111 18:27:45.997" endtime="20240111 18:27:46.042"/>
</iter>
<iter>
<var name="${i}">&lt;selenium.webdriver.remote.webelement.WebElement (session="0bd23e7da0efd9eaa6bab5024ba3bf8a", element="EF6A3DEBB84A956058B74FB5F78F5EE8_element_78")&gt;</var>
<kw name="Exit For Loop If" library="BuiltIn">
<arg>"${i.text}"=="${cart_name}"</arg>
<doc>Stops executing the enclosing FOR loop if the ``condition`` is true.</doc>
<status status="PASS" starttime="20240111 18:27:46.042" endtime="20240111 18:27:46.081"/>
</kw>
<kw name="Evaluate" library="BuiltIn">
<var>${index}</var>
<arg>${index} + 1</arg>
<doc>Evaluates the given expression in Python and returns the result.</doc>
<msg timestamp="20240111 18:27:46.089" level="INFO">${index} = 4</msg>
<status status="PASS" starttime="20240111 18:27:46.081" endtime="20240111 18:27:46.089"/>
</kw>
<status status="PASS" starttime="20240111 18:27:46.042" endtime="20240111 18:27:46.089"/>
</iter>
<iter>
<var name="${i}">&lt;selenium.webdriver.remote.webelement.WebElement (session="0bd23e7da0efd9eaa6bab5024ba3bf8a", element="EF6A3DEBB84A956058B74FB5F78F5EE8_element_79")&gt;</var>
<kw name="Exit For Loop If" library="BuiltIn">
<arg>"${i.text}"=="${cart_name}"</arg>
<doc>Stops executing the enclosing FOR loop if the ``condition`` is true.</doc>
<msg timestamp="20240111 18:27:46.129" level="INFO">Exiting for loop altogether.</msg>
<status status="PASS" starttime="20240111 18:27:46.091" endtime="20240111 18:27:46.129"/>
</kw>
<kw name="Evaluate" library="BuiltIn">
<var>${index}</var>
<arg>${index} + 1</arg>
<doc>Evaluates the given expression in Python and returns the result.</doc>
<status status="NOT RUN" starttime="20240111 18:27:46.129" endtime="20240111 18:27:46.129"/>
</kw>
<status status="PASS" starttime="20240111 18:27:46.089" endtime="20240111 18:27:46.129"/>
</iter>
<status status="PASS" starttime="20240111 18:27:45.963" endtime="20240111 18:27:46.129"/>
</for>
<kw name="Click Button" library="SeleniumLibrary">
<arg>xpath:(//*[@class='card-footer'])[${index}]/button</arg>
<doc>Clicks the button identified by ``locator``.</doc>
<msg timestamp="20240111 18:27:46.129" level="INFO">Clicking button 'xpath:(//*[@class='card-footer'])[4]/button'.</msg>
<status status="PASS" starttime="20240111 18:27:46.129" endtime="20240111 18:27:46.281"/>
</kw>
<status status="PASS" starttime="20240111 18:27:45.946" endtime="20240111 18:27:46.281"/>
</kw>
<kw name="click on checkout button" library="shopPage">
<kw name="Click Element" library="SeleniumLibrary">
<arg>${checkout}</arg>
<doc>Click the element identified by ``locator``.</doc>
<msg timestamp="20240111 18:27:46.281" level="INFO">Clicking element 'css:a.btn-primary'.</msg>
<status status="PASS" starttime="20240111 18:27:46.281" endtime="20240111 18:27:46.522"/>
</kw>
<status status="PASS" starttime="20240111 18:27:46.281" endtime="20240111 18:27:46.522"/>
</kw>
<kw name="Wait Until Element Is Visible" library="SeleniumLibrary">
<arg>${final_checkout}</arg>
<doc>Waits until the element ``locator`` is visible.</doc>
<status status="PASS" starttime="20240111 18:27:46.524" endtime="20240111 18:27:46.601"/>
</kw>
<kw name="verify product name" library="checkout">
<arg>${product_name}</arg>
<kw name="Get Text" library="SeleniumLibrary">
<var>${product_in_cart}</var>
<arg>${selected_product_name}</arg>
<doc>Returns the text value of the element identified by ``locator``.</doc>
<msg timestamp="20240111 18:27:46.647" level="INFO">${product_in_cart} = Blackberry</msg>
<status status="PASS" starttime="20240111 18:27:46.601" endtime="20240111 18:27:46.647"/>
</kw>
<kw name="Log" library="BuiltIn">
<arg>${product_in_cart}</arg>
<doc>Logs the given message with the given level.</doc>
<msg timestamp="20240111 18:27:46.648" level="INFO">Blackberry</msg>
<status status="PASS" starttime="20240111 18:27:46.647" endtime="20240111 18:27:46.648"/>
</kw>
<kw name="Should Be Equal As Strings" library="BuiltIn">
<arg>${product_in_cart}</arg>
<arg>${expected_product_name}</arg>
<doc>Fails if objects are unequal after converting them to strings.</doc>
<status status="PASS" starttime="20240111 18:27:46.648" endtime="20240111 18:27:46.649"/>
</kw>
<status status="PASS" starttime="20240111 18:27:46.601" endtime="20240111 18:27:46.649"/>
</kw>
<kw name="click on final checkout" library="checkout">
<arg>${final_checkout}</arg>
<kw name="Click Element" library="SeleniumLibrary">
<arg>${final_checkout}</arg>
<doc>Click the element identified by ``locator``.</doc>
<msg timestamp="20240111 18:27:46.650" level="INFO">Clicking element 'css:button.btn-success'.</msg>
<status status="PASS" starttime="20240111 18:27:46.650" endtime="20240111 18:27:46.802"/>
</kw>
<status status="PASS" starttime="20240111 18:27:46.650" endtime="20240111 18:27:46.802"/>
</kw>
<kw name="enter country" library="confirmation">
<arg>${country_name}</arg>
<arg>xpath://a[text()='${country_name}']</arg>
<kw name="Input Text" library="SeleniumLibrary">
<arg>id:country</arg>
<arg>${country_name}</arg>
<doc>Types the given ``text`` into the text field identified by ``locator``.</doc>
<msg timestamp="20240111 18:27:46.802" level="INFO">Typing text 'India' into text field 'id:country'.</msg>
<status status="PASS" starttime="20240111 18:27:46.802" endtime="20240111 18:27:47.231"/>
</kw>
<kw name="Wait Until Element Is Visible" library="SeleniumLibrary">
<arg>${selection}</arg>
<arg>20</arg>
<doc>Waits until the element ``locator`` is visible.</doc>
<status status="PASS" starttime="20240111 18:27:47.231" endtime="20240111 18:27:53.136"/>
</kw>
<kw name="Click Element" library="SeleniumLibrary">
<arg>${selection}</arg>
<doc>Click the element identified by ``locator``.</doc>
<msg timestamp="20240111 18:27:53.145" level="INFO">Clicking element 'xpath://a[text()='India']'.</msg>
<status status="PASS" starttime="20240111 18:27:53.136" endtime="20240111 18:27:53.394"/>
</kw>
<status status="PASS" starttime="20240111 18:27:46.802" endtime="20240111 18:27:53.394"/>
</kw>
<kw name="accept terms and conditions" library="confirmation">
<kw name="Click Element" library="SeleniumLibrary">
<arg>${terms_and_conditions}</arg>
<doc>Click the element identified by ``locator``.</doc>
<msg timestamp="20240111 18:27:53.401" level="INFO">Clicking element 'css:.checkbox label'.</msg>
<status status="PASS" starttime="20240111 18:27:53.401" endtime="20240111 18:27:53.684"/>
</kw>
<status status="PASS" starttime="20240111 18:27:53.398" endtime="20240111 18:27:53.689"/>
</kw>
<kw name="click on purchase" library="confirmation">
<kw name="Click Element" library="SeleniumLibrary">
<arg>${purchase}</arg>
<doc>Click the element identified by ``locator``.</doc>
<msg timestamp="20240111 18:27:53.693" level="INFO">Clicking element 'css:input.btn-success'.</msg>
<status status="PASS" starttime="20240111 18:27:53.690" endtime="20240111 18:27:54.002"/>
</kw>
<status status="PASS" starttime="20240111 18:27:53.690" endtime="20240111 18:27:54.002"/>
</kw>
<kw name="verify confirmation message" library="confirmation">
<kw name="Wait Until Element Is Visible" library="SeleniumLibrary">
<arg>${order_confirm}</arg>
<doc>Waits until the element ``locator`` is visible.</doc>
<status status="PASS" starttime="20240111 18:27:54.002" endtime="20240111 18:27:54.100"/>
</kw>
<kw name="Get Text" library="SeleniumLibrary">
<var>${order_success}</var>
<arg>${order_confirm}</arg>
<doc>Returns the text value of the element identified by ``locator``.</doc>
<msg timestamp="20240111 18:27:54.157" level="INFO">${order_success} = ×
Success! Thank you! Your order will be delivered in next few weeks :-).</msg>
<status status="PASS" starttime="20240111 18:27:54.100" endtime="20240111 18:27:54.157"/>
</kw>
<kw name="Log" library="BuiltIn">
<arg>${order_success}</arg>
<doc>Logs the given message with the given level.</doc>
<msg timestamp="20240111 18:27:54.157" level="INFO">×
Success! Thank you! Your order will be delivered in next few weeks :-).</msg>
<status status="PASS" starttime="20240111 18:27:54.157" endtime="20240111 18:27:54.157"/>
</kw>
<kw name="Element Should Contain" library="SeleniumLibrary">
<arg>${order_confirm}</arg>
<arg>Success</arg>
<doc>Verifies that element ``locator`` contains text ``expected``.</doc>
<msg timestamp="20240111 18:27:54.222" level="INFO">Element 'css:div.alert-success' contains text 'Success'.</msg>
<status status="PASS" starttime="20240111 18:27:54.157" endtime="20240111 18:27:54.222"/>
</kw>
<status status="PASS" starttime="20240111 18:27:54.002" endtime="20240111 18:27:54.222"/>
</kw>
<kw name="Close Browser Sessions" library="Generic" type="TEARDOWN">
<kw name="Close Browser" library="SeleniumLibrary">
<doc>Closes the current browser.</doc>
<status status="PASS" starttime="20240111 18:27:54.231" endtime="20240111 18:27:58.123"/>
</kw>
<status status="PASS" starttime="20240111 18:27:54.231" endtime="20240111 18:27:58.123"/>
</kw>
<status status="PASS" starttime="20240111 18:27:34.742" endtime="20240111 18:27:58.124"/>
</test>
<test id="s1-t3" name="Select the User radio button" line="55">
<kw name="Launch Website" library="Generic" type="SETUP">
<kw name="Create Webdriver" library="SeleniumLibrary">
<arg>${browser}</arg>
<arg>../resources/${browser}</arg>
<doc>Creates an instance of Selenium WebDriver.</doc>
<msg timestamp="20240111 18:27:58.124" level="INFO">Creating an instance of the Edge WebDriver.</msg>
<status status="PASS" starttime="20240111 18:27:58.124" endtime="20240111 18:28:04.298"/>
</kw>
<kw name="Go To" library="SeleniumLibrary">
<arg>${URL}</arg>
<doc>Navigates the current browser window to the provided ``url``.</doc>
<msg timestamp="20240111 18:28:04.298" level="INFO">Opening url 'https://rahulshettyacademy.com/loginpagePractise/'</msg>
<status status="PASS" starttime="20240111 18:28:04.298" endtime="20240111 18:28:05.151"/>
</kw>
<kw name="Maximize Browser Window" library="SeleniumLibrary">
<doc>Maximizes current browser window.</doc>
<status status="PASS" starttime="20240111 18:28:05.154" endtime="20240111 18:28:05.363"/>
</kw>
<status status="PASS" starttime="20240111 18:27:58.124" endtime="20240111 18:28:05.363"/>
</kw>
<kw name="fill the form and select user option" library="homePage">
<kw name="Input Text" library="SeleniumLibrary">
<arg>id=username</arg>
<arg>${username}</arg>
<doc>Types the given ``text`` into the text field identified by ``locator``.</doc>
<msg timestamp="20240111 18:28:05.373" level="INFO">Typing text 'rahulshettyacademy' into text field 'id=username'.</msg>
<status status="PASS" starttime="20240111 18:28:05.368" endtime="20240111 18:28:05.934"/>
</kw>
<kw name="Input Password" library="SeleniumLibrary">
<arg>id=password</arg>
<arg>${Valid_Username}</arg>
<doc>Types the given password into the text field identified by ``locator``.</doc>
<msg timestamp="20240111 18:28:05.934" level="INFO">Typing password into text field 'id=password'.</msg>
<msg timestamp="20240111 18:28:06.024" level="INFO">Temporally setting log level to: NONE</msg>
<msg timestamp="20240111 18:28:06.152" level="INFO">Log level changed from NONE to INFO.</msg>
<status status="PASS" starttime="20240111 18:28:05.934" endtime="20240111 18:28:06.152"/>
</kw>
<kw name="Click Element" library="SeleniumLibrary">
<arg>css:input[value='user']</arg>
<doc>Click the element identified by ``locator``.</doc>
<msg timestamp="20240111 18:28:06.152" level="INFO">Clicking element 'css:input[value='user']'.</msg>
<status status="PASS" starttime="20240111 18:28:06.152" endtime="20240111 18:28:06.287"/>
</kw>
<kw name="Select From List By Value" library="SeleniumLibrary">
<arg>css:select.form-control</arg>
<arg>teach</arg>
<doc>Selects options from selection list ``locator`` by ``values``.</doc>
<msg timestamp="20240111 18:28:06.287" level="INFO">Selecting options from selection list 'css:select.form-control' by value teach.</msg>
<status status="PASS" starttime="20240111 18:28:06.287" endtime="20240111 18:28:06.647"/>
</kw>
<kw name="wait till locator passed on the landing page" library="Generic">
<arg>${ok_button}</arg>
<kw name="Wait Until Element Is Visible" library="SeleniumLibrary">
<arg>${locator}</arg>
<doc>Waits until the element ``locator`` is visible.</doc>
<status status="PASS" starttime="20240111 18:28:06.647" endtime="20240111 18:28:06.754"/>
</kw>
<status status="PASS" starttime="20240111 18:28:06.647" endtime="20240111 18:28:06.755"/>
</kw>
<kw name="Click Button" library="SeleniumLibrary">
<arg>${ok_button}</arg>
<doc>Clicks the button identified by ``locator``.</doc>
<msg timestamp="20240111 18:28:06.757" level="INFO">Clicking button 'id:okayBtn'.</msg>
<status status="PASS" starttime="20240111 18:28:06.755" endtime="20240111 18:28:07.083"/>
</kw>
<kw name="Wait Until Element Is Not Visible" library="SeleniumLibrary">
<arg>${ok_button}</arg>
<doc>Waits until the element ``locator`` is not visible.</doc>
<status status="PASS" starttime="20240111 18:28:07.083" endtime="20240111 18:28:07.431"/>
</kw>
<kw name="Select Checkbox" library="SeleniumLibrary">
<arg>terms</arg>
<doc>Selects the checkbox identified by ``locator``.</doc>
<msg timestamp="20240111 18:28:07.431" level="INFO">Selecting checkbox 'terms'.</msg>
<status status="PASS" starttime="20240111 18:28:07.431" endtime="20240111 18:28:07.615"/>
</kw>
<kw name="Checkbox Should Be Selected" library="SeleniumLibrary">
<arg>terms</arg>
<doc>Verifies checkbox ``locator`` is selected/checked.</doc>
<msg timestamp="20240111 18:28:07.615" level="INFO">Verifying checkbox 'terms' is selected.</msg>
<status status="PASS" starttime="20240111 18:28:07.615" endtime="20240111 18:28:07.663"/>
</kw>
<kw name="Sleep" library="BuiltIn">
<arg>10S</arg>
<doc>Pauses the test executed for the given time.</doc>
<msg timestamp="20240111 18:28:17.676" level="INFO">Slept 10 seconds</msg>
<status status="PASS" starttime="20240111 18:28:07.663" endtime="20240111 18:28:17.676"/>
</kw>
<status status="PASS" starttime="20240111 18:28:05.368" endtime="20240111 18:28:17.676"/>
</kw>
<kw name="Close Browser Sessions" library="Generic" type="TEARDOWN">
<kw name="Close Browser" library="SeleniumLibrary">
<doc>Closes the current browser.</doc>
<status status="PASS" starttime="20240111 18:28:17.681" endtime="20240111 18:28:20.969"/>
</kw>
<status status="PASS" starttime="20240111 18:28:17.681" endtime="20240111 18:28:20.969"/>
</kw>
<status status="PASS" starttime="20240111 18:27:58.124" endtime="20240111 18:28:20.969"/>
</test>
<doc>To validate the login form</doc>
<status status="PASS" starttime="20240111 18:27:16.589" endtime="20240111 18:28:20.969"/>
</suite>
<statistics>
<total>
<stat pass="3" fail="0" skip="0">All Tests</stat>
</total>
<tag>
<stat pass="1" fail="0" skip="0">SMOKE</stat>
</tag>
<suite>
<stat pass="3" fail="0" skip="0" id="s1" name="TestDemo3 dataDriven">TestDemo3 dataDriven</stat>
</suite>
</statistics>
<errors>
</errors>
</robot>
