<?xml version="1.0" encoding="UTF-8"?>
<robot generator="Robot 7.0 (Python 3.11.5 on win32)" generated="2024-01-31T14:44:20.822849" rpa="false" schemaversion="5">
<suite id="s1" name="Api" source="C:\Users\1030968\PycharmProjects\RobotFramework\Tests\api.robot">
<test id="s1-t1" name="add book into db" line="25">
<kw name="Create Dictionary" owner="BuiltIn">
<msg time="2024-01-31T14:44:20.999768" level="INFO">&amp;{book} = { name=RobotFramework | isbn=bcd | aisle=5227 | author=John foe }</msg>
<var>&amp;{book}</var>
<arg>name=${book_name}</arg>
<arg>isbn=bcd</arg>
<arg>aisle=5227</arg>
<arg>author=John foe</arg>
<doc>Creates and returns a dictionary based on the given ``items``.</doc>
<status status="PASS" start="2024-01-31T14:44:20.999768" elapsed="0.000000"/>
</kw>
<kw name="POST" owner="RequestsLibrary">
<msg time="2024-01-31T14:44:21.149385" level="INFO">POST Request : url=http://216.10.245.166/Library/Addbook.php 
 path_url=/Library/Addbook.php 
 headers={'User-Agent': 'python-requests/2.31.0', 'Accept-Encoding': 'gzip, deflate', 'Accept': '*/*', 'Connection': 'keep-alive', 'Content-Length': '80', 'Content-Type': 'application/json'} 
 body=b'{"name": "RobotFramework", "isbn": "bcd", "aisle": "5227", "author": "John foe"}' 
 </msg>
<msg time="2024-01-31T14:44:21.150376" level="INFO">POST Response : url=http://216.10.245.166/Library/Addbook.php 
 status=200, reason=OK 
 headers={'Date': 'Wed, 31 Jan 2024 09:14:20 GMT', 'Server': 'Apache', 'Access-Control-Allow-Origin': '*', 'Access-Control-Allow-Methods': 'POST', 'Access-Control-Max-Age': '3600', 'Access-Control-Allow-Headers': 'Content-Type, Access-Control-Allow-Headers, Authorization, X-Requested-With', 'Keep-Alive': 'timeout=5, max=100', 'Connection': 'Keep-Alive', 'Transfer-Encoding': 'chunked', 'Content-Type': 'application/json;charset=UTF-8'} 
 body={"Msg":"successfully added","ID":"bcd5227"} 
 </msg>
<msg time="2024-01-31T14:44:21.150376" level="INFO">${response} = &lt;Response [200]&gt;</msg>
<var>${response}</var>
<arg>${base_URL}/Library/Addbook.php</arg>
<arg>json=${book}</arg>
<arg>expected_status=200</arg>
<doc>Sends a POST request.</doc>
<status status="PASS" start="2024-01-31T14:44:20.999768" elapsed="0.150608"/>
</kw>
<kw name="Log" owner="BuiltIn">
<msg time="2024-01-31T14:44:21.151374" level="INFO">{'Msg': 'successfully added', 'ID': 'bcd5227'}</msg>
<arg>${response.json()}</arg>
<doc>Logs the given message with the given level.</doc>
<status status="PASS" start="2024-01-31T14:44:21.150376" elapsed="0.000998"/>
</kw>
<kw name="Dictionary Should Contain Key" owner="Collections">
<msg time="2024-01-31T14:44:21.151374" level="INFO">False</msg>
<arg>${response.json()}</arg>
<arg>ID</arg>
<doc>Fails if ``key`` is not found from ``dictionary``.</doc>
<status status="PASS" start="2024-01-31T14:44:21.151374" elapsed="0.000000"/>
</kw>
<kw name="Dictionary Should Contain Key" owner="Collections">
<msg time="2024-01-31T14:44:21.152393" level="INFO">False</msg>
<arg>${response.json()}</arg>
<arg>Msg</arg>
<doc>Fails if ``key`` is not found from ``dictionary``.</doc>
<status status="PASS" start="2024-01-31T14:44:21.151374" elapsed="0.001019"/>
</kw>
<kw name="Get From Dictionary" owner="Collections">
<msg time="2024-01-31T14:44:21.152393" level="INFO">${book_msg} = successfully added</msg>
<var>${book_msg}</var>
<arg>${response.json()}</arg>
<arg>Msg</arg>
<doc>Returns a value from the given ``dictionary`` based on the given ``key``.</doc>
<status status="PASS" start="2024-01-31T14:44:21.152393" elapsed="0.000000"/>
</kw>
<kw name="Log" owner="BuiltIn">
<msg time="2024-01-31T14:44:21.152393" level="INFO">successfully added</msg>
<arg>${book_msg}</arg>
<doc>Logs the given message with the given level.</doc>
<status status="PASS" start="2024-01-31T14:44:21.152393" elapsed="0.000000"/>
</kw>
<kw name="Get From Dictionary" owner="Collections">
<msg time="2024-01-31T14:44:21.153393" level="INFO">${ID} = bcd5227</msg>
<var>${ID}</var>
<arg>${response.json()}</arg>
<arg>ID</arg>
<doc>Returns a value from the given ``dictionary`` based on the given ``key``.</doc>
<status status="PASS" start="2024-01-31T14:44:21.153393" elapsed="0.000000"/>
</kw>
<kw name="Log" owner="BuiltIn">
<msg time="2024-01-31T14:44:21.153393" level="INFO">{'Msg': 'successfully added', 'ID': 'bcd5227'}</msg>
<arg>${response.json()}</arg>
<doc>Logs the given message with the given level.</doc>
<status status="PASS" start="2024-01-31T14:44:21.153393" elapsed="0.000000"/>
</kw>
<kw name="Set Global Variable" owner="BuiltIn">
<msg time="2024-01-31T14:44:21.154374" level="INFO">${ID} = bcd5227</msg>
<arg>${ID}</arg>
<doc>Makes a variable available globally in all tests and suites.</doc>
<status status="PASS" start="2024-01-31T14:44:21.154374" elapsed="0.000000"/>
</kw>
<tag>API</tag>
<status status="PASS" start="2024-01-31T14:44:20.998773" elapsed="0.155601"/>
</test>
<test id="s1-t2" name="get id of added book" line="39">
<kw name="GET" owner="RequestsLibrary">
<msg time="2024-01-31T14:44:21.203079" level="INFO">GET Request : url=http://216.10.245.166/Library/GetBook.php?ID=bcd5227 
 path_url=/Library/GetBook.php?ID=bcd5227 
 headers={'User-Agent': 'python-requests/2.31.0', 'Accept-Encoding': 'gzip, deflate', 'Accept': '*/*', 'Connection': 'keep-alive'} 
 body=None 
 </msg>
<msg time="2024-01-31T14:44:21.203079" level="INFO">GET Response : url=http://216.10.245.166/Library/GetBook.php?ID=bcd5227 
 status=200, reason=OK 
 headers={'Date': 'Wed, 31 Jan 2024 09:14:20 GMT', 'Server': 'Apache', 'Access-Control-Allow-Origin': '*', 'Access-Control-Allow-Methods': 'POST', 'Access-Control-Max-Age': '3600', 'Access-Control-Allow-Headers': 'Content-Type, Access-Control-Allow-Headers, Authorization, X-Requested-With', 'Keep-Alive': 'timeout=5, max=100', 'Connection': 'Keep-Alive', 'Transfer-Encoding': 'chunked', 'Content-Type': 'application/json;charset=UTF-8'} 
 body=[{"book_name":"RobotFramework","isbn":"bcd","aisle":"5227","author":"John foe"}] 
 </msg>
<msg time="2024-01-31T14:44:21.203079" level="INFO">${response} = &lt;Response [200]&gt;</msg>
<var>${response}</var>
<arg>${base_URL}/Library/GetBook.php</arg>
<arg>params=ID=${ID}</arg>
<doc>Sends a GET request.</doc>
<status status="PASS" start="2024-01-31T14:44:21.155408" elapsed="0.047671"/>
</kw>
<kw name="Log" owner="BuiltIn">
<msg time="2024-01-31T14:44:21.203079" level="INFO">bcd5227</msg>
<arg>${ID}</arg>
<doc>Logs the given message with the given level.</doc>
<status status="PASS" start="2024-01-31T14:44:21.203079" elapsed="0.000000"/>
</kw>
<kw name="Status Should Be" owner="RequestsLibrary">
<arg>200</arg>
<doc>Fails if response status code is different than the expected.</doc>
<status status="PASS" start="2024-01-31T14:44:21.203079" elapsed="0.000000"/>
</kw>
<kw name="Log" owner="BuiltIn">
<msg time="2024-01-31T14:44:21.205083" level="INFO">[{'book_name': 'RobotFramework', 'isbn': 'bcd', 'aisle': '5227', 'author': 'John foe'}]</msg>
<arg>${response.json()}</arg>
<doc>Logs the given message with the given level.</doc>
<status status="PASS" start="2024-01-31T14:44:21.204082" elapsed="0.001001"/>
</kw>
<kw name="Should Be Equal As Strings" owner="BuiltIn">
<arg>${book_name}</arg>
<arg>${response.json()}[0][book_name]</arg>
<doc>Fails if objects are unequal after converting them to strings.</doc>
<status status="PASS" start="2024-01-31T14:44:21.205083" elapsed="0.001032"/>
</kw>
<kw name="Log" owner="BuiltIn">
<msg time="2024-01-31T14:44:21.207112" level="INFO">[{'book_name': 'RobotFramework', 'isbn': 'bcd', 'aisle': '5227', 'author': 'John foe'}]</msg>
<arg>${response.json()}</arg>
<doc>Logs the given message with the given level.</doc>
<status status="PASS" start="2024-01-31T14:44:21.206115" elapsed="0.000997"/>
</kw>
<tag>API</tag>
<status status="PASS" start="2024-01-31T14:44:21.154374" elapsed="0.052738"/>
</test>
<test id="s1-t3" name="delete requested book" line="48">
<kw name="Create Dictionary" owner="BuiltIn">
<msg time="2024-01-31T14:44:21.207112" level="INFO">&amp;{ID_data} = { ID=bcd5227 }</msg>
<var>&amp;{ID_data}</var>
<arg>ID=${ID}</arg>
<doc>Creates and returns a dictionary based on the given ``items``.</doc>
<status status="PASS" start="2024-01-31T14:44:21.207112" elapsed="0.000000"/>
</kw>
<kw name="POST" owner="RequestsLibrary">
<msg time="2024-01-31T14:44:21.263059" level="INFO">POST Request : url=http://216.10.245.166/Library/DeleteBook.php 
 path_url=/Library/DeleteBook.php 
 headers={'User-Agent': 'python-requests/2.31.0', 'Accept-Encoding': 'gzip, deflate', 'Accept': '*/*', 'Connection': 'keep-alive', 'Content-Length': '17', 'Content-Type': 'application/json'} 
 body=b'{"ID": "bcd5227"}' 
 </msg>
<msg time="2024-01-31T14:44:21.264060" level="INFO">POST Response : url=http://216.10.245.166/Library/DeleteBook.php 
 status=200, reason=OK 
 headers={'Date': 'Wed, 31 Jan 2024 09:14:20 GMT', 'Server': 'Apache', 'Access-Control-Allow-Origin': '*', 'Access-Control-Allow-Methods': 'POST', 'Access-Control-Max-Age': '3600', 'Access-Control-Allow-Headers': 'Content-Type, Access-Control-Allow-Headers, Authorization, X-Requested-With', 'Keep-Alive': 'timeout=5, max=100', 'Connection': 'Keep-Alive', 'Transfer-Encoding': 'chunked', 'Content-Type': 'application/json;charset=UTF-8'} 
 body={"msg":"book is successfully deleted"} 
 </msg>
<msg time="2024-01-31T14:44:21.264060" level="INFO">${response} = &lt;Response [200]&gt;</msg>
<var>${response}</var>
<arg>${base_URL}/Library/DeleteBook.php</arg>
<arg>json=${ID_data}</arg>
<doc>Sends a POST request.</doc>
<status status="PASS" start="2024-01-31T14:44:21.207112" elapsed="0.056948"/>
</kw>
<kw name="Log" owner="BuiltIn">
<msg time="2024-01-31T14:44:21.264060" level="INFO">{'msg': 'book is successfully deleted'}</msg>
<arg>${response.json()}</arg>
<doc>Logs the given message with the given level.</doc>
<status status="PASS" start="2024-01-31T14:44:21.264060" elapsed="0.000000"/>
</kw>
<kw name="Status Should Be" owner="RequestsLibrary">
<arg>200</arg>
<doc>Fails if response status code is different than the expected.</doc>
<status status="PASS" start="2024-01-31T14:44:21.264060" elapsed="0.001008"/>
</kw>
<kw name="Should Be Equal As Strings" owner="BuiltIn">
<arg>book is successfully deleted</arg>
<arg>${response.json()}[msg]</arg>
<doc>Fails if objects are unequal after converting them to strings.</doc>
<status status="PASS" start="2024-01-31T14:44:21.265068" elapsed="0.000000"/>
</kw>
<tag>API</tag>
<status status="PASS" start="2024-01-31T14:44:21.207112" elapsed="0.057956"/>
</test>
<status status="PASS" start="2024-01-31T14:44:20.826858" elapsed="0.438210"/>
</suite>
<statistics>
<total>
<stat pass="3" fail="0" skip="0">All Tests</stat>
</total>
<tag>
<stat pass="3" fail="0" skip="0">API</stat>
</tag>
<suite>
<stat pass="3" fail="0" skip="0" id="s1" name="Api">Api</stat>
</suite>
</statistics>
<errors>
</errors>
</robot>
