<?xml version="1.0" encoding="UTF-8"?>
<robot generator="Robot 6.1.1 (Python 3.11.5 on win32)" generated="20240111 16:38:34.564" rpa="false" schemaversion="4">
<suite id="s1" name="TestDemo3 dataDriven" source="C:\Users\1030968\PycharmProjects\RobotFramework\Tests\TestDemo3_dataDriven.robot">
<test id="s1-t1" name="Validate unsuccesful login" line="33">
<kw name="Launch Website" library="Generic" type="SETUP">
<arg>Edge</arg>
<kw name="Create Webdriver" library="SeleniumLibrary">
<arg>${browser}</arg>
<arg>../resources/${browser}</arg>
<doc>Creates an instance of Selenium WebDriver.</doc>
<msg timestamp="20240111 16:38:34.856" level="INFO">Creating an instance of the Edge WebDriver.</msg>
<status status="PASS" starttime="20240111 16:38:34.854" endtime="20240111 16:38:37.666"/>
</kw>
<kw name="Go To" library="SeleniumLibrary">
<arg>${URL}</arg>
<doc>Navigates the current browser window to the provided ``url``.</doc>
<msg timestamp="20240111 16:38:37.666" level="INFO">Opening url 'https://rahulshettyacademy.com/loginpagePractise/'</msg>
<status status="PASS" starttime="20240111 16:38:37.666" endtime="20240111 16:38:38.160"/>
</kw>
<kw name="Maximize Browser Window" library="SeleniumLibrary">
<doc>Maximizes current browser window.</doc>
<status status="PASS" starttime="20240111 16:38:38.160" endtime="20240111 16:38:38.334"/>
</kw>
<status status="PASS" starttime="20240111 16:38:34.854" endtime="20240111 16:38:38.334"/>
</kw>
<kw name="Fill the form" library="homePage">
<arg>${username}</arg>
<arg>${Invalid_Password}</arg>
<kw name="Input Text" library="SeleniumLibrary">
<arg>id=username</arg>
<arg>${username}</arg>
<doc>Types the given ``text`` into the text field identified by ``locator``.</doc>
<msg timestamp="20240111 16:38:38.341" level="INFO">Typing text 'rahulshettyacademy' into text field 'id=username'.</msg>
<status status="PASS" starttime="20240111 16:38:38.335" endtime="20240111 16:38:38.532"/>
</kw>
<kw name="Input Password" library="SeleniumLibrary">
<arg>id=password</arg>
<arg>${Valid_Password}</arg>
<doc>Types the given password into the text field identified by ``locator``.</doc>
<msg timestamp="20240111 16:38:38.533" level="INFO">Typing password into text field 'id=password'.</msg>
<msg timestamp="20240111 16:38:38.593" level="INFO">Temporally setting log level to: NONE</msg>
<msg timestamp="20240111 16:38:38.746" level="INFO">Log level changed from NONE to INFO.</msg>
<status status="PASS" starttime="20240111 16:38:38.532" endtime="20240111 16:38:38.746"/>
</kw>
<kw name="Click Button" library="SeleniumLibrary">
<arg>id=signInBtn</arg>
<doc>Clicks the button identified by ``locator``.</doc>
<msg timestamp="20240111 16:38:38.746" level="INFO">Clicking button 'id=signInBtn'.</msg>
<status status="PASS" starttime="20240111 16:38:38.746" endtime="20240111 16:38:38.919"/>
</kw>
<status status="PASS" starttime="20240111 16:38:38.335" endtime="20240111 16:38:38.919"/>
</kw>
<kw name="verify login error message" library="homePage">
<kw name="wait till locator passed on the landing page" library="Generic">
<arg>${element}</arg>
<kw name="Wait Until Element Is Visible" library="SeleniumLibrary">
<arg>${locator}</arg>
<doc>Waits until the element ``locator`` is visible.</doc>
<status status="PASS" starttime="20240111 16:38:38.919" endtime="20240111 16:38:41.379"/>
</kw>
<status status="PASS" starttime="20240111 16:38:38.919" endtime="20240111 16:38:41.379"/>
</kw>
<kw name="Get Text" library="SeleniumLibrary">
<var>${Error_Msg}</var>
<arg>${element}</arg>
<doc>Returns the text value of the element identified by ``locator``.</doc>
<msg timestamp="20240111 16:38:42.198" level="INFO">${Error_Msg} = Incorrect username/password.</msg>
<status status="PASS" starttime="20240111 16:38:41.380" endtime="20240111 16:38:42.198"/>
</kw>
<kw name="Log" library="BuiltIn">
<arg>${Error_Msg}</arg>
<doc>Logs the given message with the given level.</doc>
<msg timestamp="20240111 16:38:42.198" level="INFO">Incorrect username/password.</msg>
<status status="PASS" starttime="20240111 16:38:42.198" endtime="20240111 16:38:42.198"/>
</kw>
<kw name="Should Be Equal As Strings" library="BuiltIn">
<arg>${Expected_Value}</arg>
<arg>${Error_Msg}</arg>
<doc>Fails if objects are unequal after converting them to strings.</doc>
<status status="PASS" starttime="20240111 16:38:42.212" endtime="20240111 16:38:42.213"/>
</kw>
<status status="PASS" starttime="20240111 16:38:38.919" endtime="20240111 16:38:42.213"/>
</kw>
<kw name="Close Browser Sessions" library="Generic" type="TEARDOWN">
<kw name="Close Browser" library="SeleniumLibrary">
<doc>Closes the current browser.</doc>
<status status="PASS" starttime="20240111 16:38:42.216" endtime="20240111 16:38:47.849"/>
</kw>
<status status="PASS" starttime="20240111 16:38:42.214" endtime="20240111 16:38:47.849"/>
</kw>
<tag>SMOKE</tag>
<status status="PASS" starttime="20240111 16:38:34.854" endtime="20240111 16:38:47.850"/>
</test>
<doc>To validate the login form</doc>
<status status="PASS" starttime="20240111 16:38:34.588" endtime="20240111 16:38:47.851"/>
</suite>
<statistics>
<total>
<stat pass="1" fail="0" skip="0">All Tests</stat>
</total>
<tag>
<stat pass="1" fail="0" skip="0">SMOKE</stat>
</tag>
<suite>
<stat pass="1" fail="0" skip="0" id="s1" name="TestDemo3 dataDriven">TestDemo3 dataDriven</stat>
</suite>
</statistics>
<errors>
</errors>
</robot>
